# JRE version: OpenJDK Runtime Environment (8.0_181-b13) (build 1.8.0_181-b13)
# Java VM: OpenJDK 64-Bit Server VM (25.181-b13 mixed mode linux-amd64 compressed oops)
Heap:
 PSYoungGen      total 169984K, used 10227K [0x00000000e3d00000, 0x00000000eed00000, 0x0000000100000000)
  eden space 159744K, 0% used [0x00000000e3d00000,0x00000000e3d00000,0x00000000ed900000)
  from space 10240K, 99% used [0x00000000ed900000,0x00000000ee2fce18,0x00000000ee300000)
  to   space 8704K, 0% used [0x00000000ee480000,0x00000000ee480000,0x00000000eed00000)
 ParOldGen       total 34816K, used 7360K [0x00000000ab600000, 0x00000000ad800000, 0x00000000e3d00000)
  object space 34816K, 21% used [0x00000000ab600000,0x00000000abd30088,0x00000000ad800000)
 Metaspace       used 34430K, capacity 35408K, committed 35496K, reserved 1079296K
  class space    used 4600K, capacity 4840K, committed 4864K, reserved 1048576K
GC Heap History (10 events):
Event: 3,289 GC heap after
Heap after GC invocations=5 (full 0):
 PSYoungGen      total 47616K, used 3557K [0x00000000e3d00000, 0x00000000ea400000, 0x0000000100000000)
  eden space 44032K, 0% used [0x00000000e3d00000,0x00000000e3d00000,0x00000000e6800000)
  from space 3584K, 99% used [0x00000000e6800000,0x00000000e6b79610,0x00000000e6b80000)
  to   space 8704K, 0% used [0x00000000e9b80000,0x00000000e9b80000,0x00000000ea400000)
 ParOldGen       total 58880K, used 8608K [0x00000000ab600000, 0x00000000aef80000, 0x00000000e3d00000)
  object space 58880K, 14% used [0x00000000ab600000,0x00000000abe68180,0x00000000aef80000)
 Metaspace       used 20485K, capacity 21052K, committed 21296K, reserved 1067008K
  class space    used 2653K, capacity 2830K, committed 2944K, reserved 1048576K
}
Event: 3,328 GC heap before
{Heap before GC invocations=6 (full 0):
 PSYoungGen      total 47616K, used 4455K [0x00000000e3d00000, 0x00000000ea400000, 0x0000000100000000)
  eden space 44032K, 2% used [0x00000000e3d00000,0x00000000e3de06c8,0x00000000e6800000)
  from space 3584K, 99% used [0x00000000e6800000,0x00000000e6b79610,0x00000000e6b80000)
  to   space 8704K, 0% used [0x00000000e9b80000,0x00000000e9b80000,0x00000000ea400000)
 ParOldGen       total 58880K, used 8608K [0x00000000ab600000, 0x00000000aef80000, 0x00000000e3d00000)
  object space 58880K, 14% used [0x00000000ab600000,0x00000000abe68180,0x00000000aef80000)
 Metaspace       used 20565K, capacity 21148K, committed 21296K, reserved 1067008K
  class space    used 2664K, capacity 2862K, committed 2944K, reserved 1048576K
Event: 3,347 GC heap after
Heap after GC invocations=6 (full 0):
 PSYoungGen      total 96768K, used 3589K [0x00000000e3d00000, 0x00000000ea400000, 0x0000000100000000)
  eden space 88064K, 0% used [0x00000000e3d00000,0x00000000e3d00000,0x00000000e9300000)
  from space 8704K, 41% used [0x00000000e9b80000,0x00000000e9f01610,0x00000000ea400000)
  to   space 8704K, 0% used [0x00000000e9300000,0x00000000e9300000,0x00000000e9b80000)
 ParOldGen       total 58880K, used 8616K [0x00000000ab600000, 0x00000000aef80000, 0x00000000e3d00000)
  object space 58880K, 14% used [0x00000000ab600000,0x00000000abe6a180,0x00000000aef80000)
 Metaspace       used 20565K, capacity 21148K, committed 21296K, reserved 1067008K
  class space    used 2664K, capacity 2862K, committed 2944K, reserved 1048576K
}
Event: 3,347 GC heap before
{Heap before GC invocations=7 (full 1):
 PSYoungGen      total 96768K, used 3589K [0x00000000e3d00000, 0x00000000ea400000, 0x0000000100000000)
  eden space 88064K, 0% used [0x00000000e3d00000,0x00000000e3d00000,0x00000000e9300000)
  from space 8704K, 41% used [0x00000000e9b80000,0x00000000e9f01610,0x00000000ea400000)
  to   space 8704K, 0% used [0x00000000e9300000,0x00000000e9300000,0x00000000e9b80000)
 ParOldGen       total 58880K, used 8616K [0x00000000ab600000, 0x00000000aef80000, 0x00000000e3d00000)
  object space 58880K, 14% used [0x00000000ab600000,0x00000000abe6a180,0x00000000aef80000)
 Metaspace       used 20565K, capacity 21148K, committed 21296K, reserved 1067008K
  class space    used 2664K, capacity 2862K, committed 2944K, reserved 1048576K
Event: 3,392 GC heap after
Heap after GC invocations=7 (full 1):
 PSYoungGen      total 96768K, used 0K [0x00000000e3d00000, 0x00000000ea400000, 0x0000000100000000)
  eden space 88064K, 0% used [0x00000000e3d00000,0x00000000e3d00000,0x00000000e9300000)
  from space 8704K, 0% used [0x00000000e9b80000,0x00000000e9b80000,0x00000000ea400000)
  to   space 8704K, 0% used [0x00000000e9300000,0x00000000e9300000,0x00000000e9b80000)
 ParOldGen       total 34816K, used 4913K [0x00000000ab600000, 0x00000000ad800000, 0x00000000e3d00000)
  object space 34816K, 14% used [0x00000000ab600000,0x00000000abacc7f8,0x00000000ad800000)
 Metaspace       used 20565K, capacity 21148K, committed 21296K, reserved 1067008K
  class space    used 2664K, capacity 2862K, committed 2944K, reserved 1048576K
}
Event: 4,654 GC heap before
{Heap before GC invocations=8 (full 1):
 PSYoungGen      total 96768K, used 88064K [0x00000000e3d00000, 0x00000000ea400000, 0x0000000100000000)
  eden space 88064K, 100% used [0x00000000e3d00000,0x00000000e9300000,0x00000000e9300000)
  from space 8704K, 0% used [0x00000000e9b80000,0x00000000e9b80000,0x00000000ea400000)
  to   space 8704K, 0% used [0x00000000e9300000,0x00000000e9300000,0x00000000e9b80000)
 ParOldGen       total 34816K, used 4913K [0x00000000ab600000, 0x00000000ad800000, 0x00000000e3d00000)
  object space 34816K, 14% used [0x00000000ab600000,0x00000000abacc7f8,0x00000000ad800000)
 Metaspace       used 23037K, capacity 23840K, committed 23936K, reserved 1071104K
  class space    used 3001K, capacity 3196K, committed 3200K, reserved 1048576K
Event: 4,663 GC heap after
Heap after GC invocations=8 (full 1):
 PSYoungGen      total 96768K, used 5779K [0x00000000e3d00000, 0x00000000eed00000, 0x0000000100000000)
  eden space 88064K, 0% used [0x00000000e3d00000,0x00000000e3d00000,0x00000000e9300000)
  from space 8704K, 66% used [0x00000000e9300000,0x00000000e98a4c60,0x00000000e9b80000)
  to   space 8704K, 0% used [0x00000000ee480000,0x00000000ee480000,0x00000000eed00000)
 ParOldGen       total 34816K, used 4921K [0x00000000ab600000, 0x00000000ad800000, 0x00000000e3d00000)
  object space 34816K, 14% used [0x00000000ab600000,0x00000000abace7f8,0x00000000ad800000)
 Metaspace       used 23037K, capacity 23840K, committed 23936K, reserved 1071104K
  class space    used 3001K, capacity 3196K, committed 3200K, reserved 1048576K
}
Event: 17,930 GC heap before
{Heap before GC invocations=9 (full 1):
 PSYoungGen      total 96768K, used 93843K [0x00000000e3d00000, 0x00000000eed00000, 0x0000000100000000)
  eden space 88064K, 100% used [0x00000000e3d00000,0x00000000e9300000,0x00000000e9300000)
  from space 8704K, 66% used [0x00000000e9300000,0x00000000e98a4c60,0x00000000e9b80000)
  to   space 8704K, 0% used [0x00000000ee480000,0x00000000ee480000,0x00000000eed00000)
 ParOldGen       total 34816K, used 4921K [0x00000000ab600000, 0x00000000ad800000, 0x00000000e3d00000)
  object space 34816K, 14% used [0x00000000ab600000,0x00000000abace7f8,0x00000000ad800000)
 Metaspace       used 28785K, capacity 29692K, committed 30080K, reserved 1075200K
  class space    used 3894K, capacity 4140K, committed 4224K, reserved 1048576K
Event: 18,417 GC heap after
Heap after GC invocations=9 (full 1):
 PSYoungGen      total 168448K, used 8701K [0x00000000e3d00000, 0x00000000eed00000, 0x0000000100000000)
  eden space 159744K, 0% used [0x00000000e3d00000,0x00000000e3d00000,0x00000000ed900000)
  from space 8704K, 99% used [0x00000000ee480000,0x00000000eecff738,0x00000000eed00000)
  to   space 10240K, 0% used [0x00000000ed900000,0x00000000ed900000,0x00000000ee300000)
 ParOldGen       total 34816K, used 6396K [0x00000000ab600000, 0x00000000ad800000, 0x00000000e3d00000)
  object space 34816K, 18% used [0x00000000ab600000,0x00000000abc3f1b8,0x00000000ad800000)
 Metaspace       used 28785K, capacity 29692K, committed 30080K, reserved 1075200K
  class space    used 3894K, capacity 4140K, committed 4224K, reserved 1048576K
}
Event: 23,160 GC heap before
{Heap before GC invocations=10 (full 1):
 PSYoungGen      total 168448K, used 71388K [0x00000000e3d00000, 0x00000000eed00000, 0x0000000100000000)
  eden space 159744K, 39% used [0x00000000e3d00000,0x00000000e7a37928,0x00000000ed900000)
  from space 8704K, 99% used [0x00000000ee480000,0x00000000eecff738,0x00000000eed00000)
  to   space 10240K, 0% used [0x00000000ed900000,0x00000000ed900000,0x00000000ee300000)
 ParOldGen       total 34816K, used 6396K [0x00000000ab600000, 0x00000000ad800000, 0x00000000e3d00000)
  object space 34816K, 18% used [0x00000000ab600000,0x00000000abc3f1b8,0x00000000ad800000)
 Metaspace       used 34430K, capacity 35408K, committed 35496K, reserved 1079296K
  class space    used 4600K, capacity 4840K, committed 4864K, reserved 1048576K

